
R version 4.1.0 (2021-05-18) -- "Camp Pontanezen"
Copyright (C) 2021 The R Foundation for Statistical Computing
Platform: x86_64-pc-linux-gnu (64-bit)

R is free software and comes with ABSOLUTELY NO WARRANTY.
You are welcome to redistribute it under certain conditions.
Type 'license()' or 'licence()' for distribution details.

  Natural language support but running in an English locale

R is a collaborative project with many contributors.
Type 'contributors()' for more information and
'citation()' on how to cite R or R packages in publications.

Type 'demo()' for some demos, 'help()' for on-line help, or
'help.start()' for an HTML browser interface to help.
Type 'q()' to quit R.

> library(targets); date(); tar_make()
[1] "Sun Aug 29 01:01:04 2021"
✔ skip target year
✔ skip target url_tar
✔ skip target get_and_read
✔ skip target clean
• start target zip_file_name
updating: ca21-22desc.dat (deflated 81%)
updating: ca21-22votes.dat (deflated 100%)
• built target zip_file_name
• start target github_status_null_for_now
To https://github.com/JeffreyBLewis/california-rollcall-votes.git
   da5a424..cb8f2c4  master -> master
• built target github_status_null_for_now
• end pipeline
Warning message:
found non-standard resource group handle in resources list. Unstructrued resources list are deprecated in targets >= 0.5.0.9000 (2021-06-07). Use tar_resources() and various tar_resources_*() helper functions to create the resources argument to tar_target() and tar_option_set(). 
> 
> 
