
R version 4.1.0 (2021-05-18) -- "Camp Pontanezen"
Copyright (C) 2021 The R Foundation for Statistical Computing
Platform: x86_64-pc-linux-gnu (64-bit)

R is free software and comes with ABSOLUTELY NO WARRANTY.
You are welcome to redistribute it under certain conditions.
Type 'license()' or 'licence()' for distribution details.

  Natural language support but running in an English locale

R is a collaborative project with many contributors.
Type 'contributors()' for more information and
'citation()' on how to cite R or R packages in publications.

Type 'demo()' for some demos, 'help()' for on-line help, or
'help.start()' for an HTML browser interface to help.
Type 'q()' to quit R.

> library(targets); date(); tar_make()
[1] "Thu Jul 22 18:15:46 2021"
[31m✔ skip target year
[39m[31m✔ skip target url_tar
[39m[31m✔ skip target get_and_read
[39m[31m✔ skip target clean
[39m[31m✔ skip target zip_file_name
[39m[31m✔ skip target github_status_null_for_now
[39m[31m✔ skip pipeline
[39m[31mWarning message:
found non-standard resource group handle in resources list. Unstructrued resources list are deprecated in targets >= 0.5.0.9000 (2021-06-07). Use tar_resources() and various tar_resources_*() helper functions to create the resources argument to tar_target() and tar_option_set(). 
[39m> 
> 
